[INFO ] 2023-12-12 12:52:36.355 [main] Log - To Verify Under Age Of Pet Feature Starts Here
[INFO ] 2023-12-12 12:52:37.118 [main] Log - User Has Entered Name Of Pet
[INFO ] 2023-12-12 12:52:38.859 [main] Log - User Has Clicked On Continue Button To Move On Picture Upload Page
[INFO ] 2023-12-12 12:52:43.389 [main] Log - User Has Clicked On Upload Picture Button To Move On Select Product Page
[INFO ] 2023-12-12 12:52:46.500 [main] Log - User Has Selected Breed Product ==Bird
[INFO ] 2023-12-12 12:52:52.672 [main] Log - User Has Selected Species ==Abacot Ranger Duck
[INFO ] 2023-12-12 12:52:57.213 [main] Log - User Has Selected Pet Gender
[INFO ] 2023-12-12 12:52:58.292 [main] Log - User Has Entered Pet Date Of Birth
[INFO ] 2023-12-12 12:53:00.369 [main] Log - User Has Clicked On Client Detail Section
[INFO ] 2023-12-12 12:53:01.428 [main] Log - User Has Entered On Client First Name
[INFO ] 2023-12-12 12:53:02.489 [main] Log - User Has Entered Client Last Name
[INFO ] 2023-12-12 12:53:03.544 [main] Log - User Has Entered  Client Email Id
[INFO ] 2023-12-12 12:53:04.600 [main] Log - User Has Entered  Client Mobile Number
[INFO ] 2023-12-12 12:53:05.655 [main] Log - User Has Entered  Client Date Of Birth
[INFO ] 2023-12-12 12:53:07.732 [main] Log - User Has Entered Client Postcode
[INFO ] 2023-12-12 12:53:14.593 [main] Log - User Has Entered Submit Button
[INFO ] 2023-12-12 12:53:16.121 [main] Log - Error MessageWe cannot offer cover for your pet less than 12 weeks of age or over the age of 10 years
[INFO ] 2023-12-12 12:53:18.993 [main] Log - To Verify Under Age Of Pet Feature Starts Here
[INFO ] 2023-12-12 12:53:19.751 [main] Log - User Has Entered Name Of Pet
[INFO ] 2023-12-12 12:53:21.463 [main] Log - User Has Clicked On Continue Button To Move On Picture Upload Page
[INFO ] 2023-12-12 12:53:24.972 [main] Log - User Has Clicked On Upload Picture Button To Move On Select Product Page
[INFO ] 2023-12-12 12:53:28.082 [main] Log - User Has Selected Breed Product ==Mammal
[INFO ] 2023-12-12 12:53:34.247 [main] Log - User Has Selected Species ==Abyssinian Guinea Pig
[INFO ] 2023-12-12 12:53:38.549 [main] Log - User Has Selected Pet Gender
[INFO ] 2023-12-12 12:53:39.628 [main] Log - User Has Entered Pet Date Of Birth
[INFO ] 2023-12-12 12:53:41.722 [main] Log - User Has Clicked On Client Detail Section
[INFO ] 2023-12-12 12:53:42.778 [main] Log - User Has Entered On Client First Name
[INFO ] 2023-12-12 12:53:43.839 [main] Log - User Has Entered Client Last Name
[INFO ] 2023-12-12 12:53:44.896 [main] Log - User Has Entered  Client Email Id
[INFO ] 2023-12-12 12:53:45.950 [main] Log - User Has Entered  Client Mobile Number
[INFO ] 2023-12-12 12:53:47.005 [main] Log - User Has Entered  Client Date Of Birth
[INFO ] 2023-12-12 12:53:49.067 [main] Log - User Has Entered Client Postcode
[INFO ] 2023-12-12 12:53:55.864 [main] Log - User Has Entered Submit Button
[INFO ] 2023-12-12 12:53:57.394 [main] Log - Error MessageWe cannot offer cover for your pet less than 8 weeks of age or over the age of 5 years
[INFO ] 2023-12-12 12:53:59.893 [main] Log - To Verify Under Age Of Pet Feature Starts Here
[INFO ] 2023-12-12 12:54:00.656 [main] Log - User Has Entered Name Of Pet
[INFO ] 2023-12-12 12:54:02.027 [main] Log - User Has Clicked On Continue Button To Move On Picture Upload Page
[INFO ] 2023-12-12 12:54:05.448 [main] Log - User Has Clicked On Upload Picture Button To Move On Select Product Page
[INFO ] 2023-12-12 12:54:08.533 [main] Log - User Has Selected Breed Product ==Reptile
[INFO ] 2023-12-12 12:54:15.433 [main] Log - User Has Selected Species ==Argentine Tegu
[INFO ] 2023-12-12 12:54:20.168 [main] Log - User Has Selected Pet Gender
[INFO ] 2023-12-12 12:54:21.237 [main] Log - User Has Entered Pet Date Of Birth
[INFO ] 2023-12-12 12:54:23.310 [main] Log - User Has Clicked On Client Detail Section
[INFO ] 2023-12-12 12:54:24.361 [main] Log - User Has Entered On Client First Name
[INFO ] 2023-12-12 12:54:25.419 [main] Log - User Has Entered Client Last Name
[INFO ] 2023-12-12 12:54:26.486 [main] Log - User Has Entered  Client Email Id
[INFO ] 2023-12-12 12:54:27.535 [main] Log - User Has Entered  Client Mobile Number
[INFO ] 2023-12-12 12:54:28.600 [main] Log - User Has Entered  Client Date Of Birth
[INFO ] 2023-12-12 12:54:30.674 [main] Log - User Has Entered Client Postcode
[INFO ] 2023-12-12 12:54:37.454 [main] Log - User Has Entered Submit Button
[INFO ] 2023-12-12 12:54:38.987 [main] Log - Error MessageWe cannot offer cover for your pet less than 8 weeks of age or over the age of 10 years
[INFO ] 2023-12-12 12:54:42.267 [main] Log - To Verify Under Age Of Pet Feature Starts Here
[INFO ] 2023-12-12 12:54:43.026 [main] Log - User Has Entered Name Of Pet
[INFO ] 2023-12-12 12:54:44.405 [main] Log - User Has Clicked On Continue Button To Move On Picture Upload Page
[INFO ] 2023-12-12 12:54:47.844 [main] Log - User Has Clicked On Upload Picture Button To Move On Select Product Page
[INFO ] 2023-12-12 12:54:50.951 [main] Log - User Has Selected Breed Product ==Tortoise & Turtle
[INFO ] 2023-12-12 12:54:57.158 [main] Log - User Has Selected Species ==African Spurred Tortoise
[INFO ] 2023-12-12 12:55:01.531 [main] Log - User Has Selected Pet Gender
[INFO ] 2023-12-12 12:55:02.597 [main] Log - User Has Entered Pet Date Of Birth
[INFO ] 2023-12-12 12:55:04.667 [main] Log - User Has Clicked On Client Detail Section
[INFO ] 2023-12-12 12:55:05.719 [main] Log - User Has Entered On Client First Name
[INFO ] 2023-12-12 12:55:06.776 [main] Log - User Has Entered Client Last Name
[INFO ] 2023-12-12 12:55:07.834 [main] Log - User Has Entered  Client Email Id
[INFO ] 2023-12-12 12:55:08.886 [main] Log - User Has Entered  Client Mobile Number
[INFO ] 2023-12-12 12:55:09.943 [main] Log - User Has Entered  Client Date Of Birth
[INFO ] 2023-12-12 12:55:12.007 [main] Log - User Has Entered Client Postcode
[INFO ] 2023-12-12 12:55:18.794 [main] Log - User Has Entered Submit Button
[INFO ] 2023-12-12 12:55:20.326 [main] Log - Error MessageWe cannot offer cover for your pet less than 12 weeks of age or over the age of 50 years.
[INFO ] 2023-12-12 12:55:23.814 [main] Log - To Verify Under Age Of Pet Feature Starts Here
[INFO ] 2023-12-12 12:55:24.575 [main] Log - User Has Entered Name Of Pet
[INFO ] 2023-12-12 12:55:26.254 [main] Log - User Has Clicked On Continue Button To Move On Picture Upload Page
[INFO ] 2023-12-12 12:55:29.689 [main] Log - User Has Clicked On Upload Picture Button To Move On Select Product Page
[INFO ] 2023-12-12 12:55:32.781 [main] Log - User Has Selected Breed Product ==Bird
[INFO ] 2023-12-12 12:55:38.966 [main] Log - User Has Selected Species ==Abacot Ranger Duck
[INFO ] 2023-12-12 13:02:17.064 [main] Log - To Verify Under Age Of Pet Feature Starts Here
[INFO ] 2023-12-12 13:02:17.825 [main] Log - User Has Entered Name Of Pet
[INFO ] 2023-12-12 13:02:19.208 [main] Log - User Has Clicked On Continue Button To Move On Picture Upload Page
[INFO ] 2023-12-12 13:02:22.664 [main] Log - User Has Clicked On Upload Picture Button To Move On Select Product Page
[INFO ] 2023-12-12 13:02:25.761 [main] Log - User Has Selected Breed Product ==Bird
[INFO ] 2023-12-12 13:02:31.961 [main] Log - User Has Selected Species ==Abacot Ranger Duck
[INFO ] 2023-12-12 13:02:36.539 [main] Log - User Has Selected Pet Gender
[INFO ] 2023-12-12 13:02:37.609 [main] Log - User Has Entered Pet Date Of Birth
[INFO ] 2023-12-12 13:02:39.682 [main] Log - User Has Clicked On Client Detail Section
[INFO ] 2023-12-12 13:02:40.734 [main] Log - User Has Entered On Client First Name
[INFO ] 2023-12-12 13:02:41.795 [main] Log - User Has Entered Client Last Name
[INFO ] 2023-12-12 13:02:42.855 [main] Log - User Has Entered  Client Email Id
[INFO ] 2023-12-12 13:02:43.907 [main] Log - User Has Entered  Client Mobile Number
[INFO ] 2023-12-12 13:02:44.973 [main] Log - User Has Entered  Client Date Of Birth
[INFO ] 2023-12-12 13:02:47.048 [main] Log - User Has Entered Client Postcode
[INFO ] 2023-12-12 13:02:53.870 [main] Log - User Has Entered Submit Button
[INFO ] 2023-12-12 13:02:55.396 [main] Log - Error MessageWe cannot offer cover for your pet less than 12 weeks of age or over the age of 10 years
[INFO ] 2023-12-12 13:02:58.061 [main] Log - To Verify Under Age Of Pet Feature Starts Here
[INFO ] 2023-12-12 13:02:58.815 [main] Log - User Has Entered Name Of Pet
[INFO ] 2023-12-12 13:03:00.224 [main] Log - User Has Clicked On Continue Button To Move On Picture Upload Page
[INFO ] 2023-12-12 13:03:03.635 [main] Log - User Has Clicked On Upload Picture Button To Move On Select Product Page
[INFO ] 2023-12-12 13:03:06.734 [main] Log - User Has Selected Breed Product ==Mammal
[INFO ] 2023-12-12 13:03:12.932 [main] Log - User Has Selected Species ==Abyssinian Guinea Pig
[INFO ] 2023-12-12 13:03:17.013 [main] Log - User Has Selected Pet Gender
[INFO ] 2023-12-12 13:03:18.119 [main] Log - User Has Entered Pet Date Of Birth
[INFO ] 2023-12-12 13:03:20.192 [main] Log - User Has Clicked On Client Detail Section
[INFO ] 2023-12-12 13:03:21.247 [main] Log - User Has Entered On Client First Name
[INFO ] 2023-12-12 13:03:22.298 [main] Log - User Has Entered Client Last Name
[INFO ] 2023-12-12 13:03:23.358 [main] Log - User Has Entered  Client Email Id
[INFO ] 2023-12-12 13:03:24.406 [main] Log - User Has Entered  Client Mobile Number
[INFO ] 2023-12-12 13:03:25.475 [main] Log - User Has Entered  Client Date Of Birth
[INFO ] 2023-12-12 13:03:27.541 [main] Log - User Has Entered Client Postcode
[INFO ] 2023-12-12 13:03:33.894 [main] Log - User Has Entered Submit Button
[INFO ] 2023-12-12 13:03:35.418 [main] Log - Error Message
[INFO ] 2023-12-12 17:06:34.302 [main] Log - To Verify Under Age Of Pet Feature Starts Here
[INFO ] 2023-12-12 17:06:35.070 [main] Log - User Has Entered Name Of Pet
[INFO ] 2023-12-12 17:06:36.425 [main] Log - User Has Clicked On Continue Button To Move On Picture Upload Page
[INFO ] 2023-12-12 17:06:39.813 [main] Log - User Has Clicked On Upload Picture Button To Move On Select Product Page
[INFO ] 2023-12-12 17:06:42.899 [main] Log - User Has Selected Breed Product ==Bird
[INFO ] 2023-12-12 17:06:49.003 [main] Log - User Has Selected Species ==Abacot Ranger Duck
[INFO ] 2023-12-12 17:06:53.099 [main] Log - User Has Selected Pet Gender
[INFO ] 2023-12-12 17:06:54.176 [main] Log - User Has Entered Pet Date Of Birth
[INFO ] 2023-12-12 17:06:56.258 [main] Log - User Has Clicked On Client Detail Section
[INFO ] 2023-12-12 17:06:57.307 [main] Log - User Has Entered On Client First Name
[INFO ] 2023-12-12 17:06:58.369 [main] Log - User Has Entered Client Last Name
[INFO ] 2023-12-12 17:06:59.424 [main] Log - User Has Entered  Client Email Id
[INFO ] 2023-12-12 17:07:00.477 [main] Log - User Has Entered  Client Mobile Number
[INFO ] 2023-12-12 17:07:01.536 [main] Log - User Has Entered  Client Date Of Birth
[INFO ] 2023-12-12 17:07:03.608 [main] Log - User Has Entered Client Postcode
[INFO ] 2023-12-12 17:07:10.383 [main] Log - User Has Entered Submit Button
[INFO ] 2023-12-12 17:07:11.919 [main] Log - Error MessageWe cannot offer cover for your pet less than 12 weeks of age or over the age of 10 years
[INFO ] 2023-12-12 17:07:14.318 [main] Log - To Verify Under Age Of Pet Feature Starts Here
[INFO ] 2023-12-12 17:07:15.078 [main] Log - User Has Entered Name Of Pet
[INFO ] 2023-12-12 17:07:16.419 [main] Log - User Has Clicked On Continue Button To Move On Picture Upload Page
[INFO ] 2023-12-12 17:07:19.804 [main] Log - User Has Clicked On Upload Picture Button To Move On Select Product Page
[INFO ] 2023-12-12 17:07:22.910 [main] Log - User Has Selected Breed Product ==Mammal
[INFO ] 2023-12-12 17:07:28.961 [main] Log - User Has Selected Species ==Abyssinian Guinea Pig
[INFO ] 2023-12-12 17:07:33.416 [main] Log - User Has Selected Pet Gender
[INFO ] 2023-12-12 17:07:34.496 [main] Log - User Has Entered Pet Date Of Birth
[INFO ] 2023-12-12 17:07:36.576 [main] Log - User Has Clicked On Client Detail Section
[INFO ] 2023-12-12 17:07:37.633 [main] Log - User Has Entered On Client First Name
[INFO ] 2023-12-12 17:07:38.690 [main] Log - User Has Entered Client Last Name
[INFO ] 2023-12-12 17:07:39.753 [main] Log - User Has Entered  Client Email Id
[INFO ] 2023-12-12 17:07:40.806 [main] Log - User Has Entered  Client Mobile Number
[INFO ] 2023-12-12 17:07:41.870 [main] Log - User Has Entered  Client Date Of Birth
[INFO ] 2023-12-12 17:07:43.957 [main] Log - User Has Entered Client Postcode
[INFO ] 2023-12-12 17:07:50.330 [main] Log - User Has Entered Submit Button
[INFO ] 2023-12-12 17:07:51.855 [main] Log - Error Message
[INFO ] 2023-12-12 17:07:54.286 [main] Log - To Verify Under Age Of Pet Feature Starts Here
[INFO ] 2023-12-12 17:07:55.048 [main] Log - User Has Entered Name Of Pet
[INFO ] 2023-12-12 17:07:56.415 [main] Log - User Has Clicked On Continue Button To Move On Picture Upload Page
[INFO ] 2023-12-12 17:07:59.816 [main] Log - User Has Clicked On Upload Picture Button To Move On Select Product Page
[INFO ] 2023-12-12 17:08:02.899 [main] Log - User Has Selected Breed Product ==Reptile
[INFO ] 2023-12-12 17:08:09.036 [main] Log - User Has Selected Species ==Argentine Tegu
[INFO ] 2023-12-12 17:08:13.122 [main] Log - User Has Selected Pet Gender
[INFO ] 2023-12-12 17:08:14.203 [main] Log - User Has Entered Pet Date Of Birth
[INFO ] 2023-12-12 17:08:16.274 [main] Log - User Has Clicked On Client Detail Section
[INFO ] 2023-12-12 17:08:17.314 [main] Log - User Has Entered On Client First Name
[INFO ] 2023-12-12 17:08:18.365 [main] Log - User Has Entered Client Last Name
[INFO ] 2023-12-12 17:08:19.427 [main] Log - User Has Entered  Client Email Id
[INFO ] 2023-12-12 17:08:20.477 [main] Log - User Has Entered  Client Mobile Number
[INFO ] 2023-12-12 17:08:21.543 [main] Log - User Has Entered  Client Date Of Birth
[INFO ] 2023-12-12 17:08:23.624 [main] Log - User Has Entered Client Postcode
[INFO ] 2023-12-12 17:08:30.443 [main] Log - User Has Entered Submit Button
[INFO ] 2023-12-12 17:08:31.971 [main] Log - Error MessageWe cannot offer cover for your pet less than 8 weeks of age or over the age of 10 years
[INFO ] 2023-12-12 17:08:34.383 [main] Log - To Verify Under Age Of Pet Feature Starts Here
[INFO ] 2023-12-12 17:08:35.137 [main] Log - User Has Entered Name Of Pet
[INFO ] 2023-12-12 17:08:36.484 [main] Log - User Has Clicked On Continue Button To Move On Picture Upload Page
[INFO ] 2023-12-12 17:08:39.961 [main] Log - User Has Clicked On Upload Picture Button To Move On Select Product Page
[INFO ] 2023-12-12 17:08:43.061 [main] Log - User Has Selected Breed Product ==Tortoise & Turtle
[INFO ] 2023-12-12 17:08:49.098 [main] Log - User Has Selected Species ==African Spurred Tortoise
[INFO ] 2023-12-12 17:08:53.205 [main] Log - User Has Selected Pet Gender
[INFO ] 2023-12-12 17:08:54.276 [main] Log - User Has Entered Pet Date Of Birth
[INFO ] 2023-12-12 17:08:56.360 [main] Log - User Has Clicked On Client Detail Section
[INFO ] 2023-12-12 17:08:57.421 [main] Log - User Has Entered On Client First Name
[INFO ] 2023-12-12 17:08:58.472 [main] Log - User Has Entered Client Last Name
[INFO ] 2023-12-12 17:08:59.532 [main] Log - User Has Entered  Client Email Id
[INFO ] 2023-12-12 17:09:00.582 [main] Log - User Has Entered  Client Mobile Number
[INFO ] 2023-12-12 17:09:01.638 [main] Log - User Has Entered  Client Date Of Birth
[INFO ] 2023-12-12 17:09:03.711 [main] Log - User Has Entered Client Postcode
[INFO ] 2023-12-12 17:09:10.513 [main] Log - User Has Entered Submit Button
[INFO ] 2023-12-12 17:09:12.037 [main] Log - Error MessageWe cannot offer cover for your pet less than 12 weeks of age or over the age of 50 years.
